2025-02-22 16:44:38 Loading main app package /usr/lib/obsidian/obsidian.asar
2025-02-22 16:44:39 Checking for update using Github
2025-02-22 16:44:39 Success.
2025-02-22 16:44:39 Latest version is 1.8.7
2025-02-22 16:44:39 App is up to date.
2025-02-22 17:16:53 Loading main app package /usr/lib/obsidian/obsidian.asar
2025-02-22 17:16:54 Checking for update using Github
2025-02-22 17:16:54 Success.
2025-02-22 17:16:54 Latest version is 1.8.7
2025-02-22 17:16:54 App is up to date.
2025-02-22 17:56:44 Loading main app package /usr/lib/obsidian/obsidian.asar
2025-02-22 17:56:44 Checking for update using Github
2025-02-22 18:01:59 Loading main app package /usr/lib/obsidian/obsidian.asar
2025-02-22 18:01:59 Checking for update using Github
2025-02-22 18:01:59 Success.
2025-02-22 18:01:59 Latest version is 1.8.7
2025-02-22 18:01:59 App is up to date.
2025-02-22 18:28:11 Loading main app package /usr/lib/obsidian/obsidian.asar
2025-02-22 18:28:12 Checking for update using Github
2025-02-22 18:28:12 Success.
2025-02-22 18:28:12 Latest version is 1.8.7
2025-02-22 18:28:12 App is up to date.
2025-02-22 18:58:40 Loading main app package /usr/lib/obsidian/obsidian.asar
2025-02-22 18:58:41 Checking for update using Github
2025-02-22 18:58:41 Success.
2025-02-22 18:58:41 Latest version is 1.8.7
2025-02-22 18:58:41 App is up to date.
2025-02-22 19:00:09 Loading main app package /usr/lib/obsidian/obsidian.asar
2025-02-22 19:00:10 Checking for update using Github
2025-02-22 19:00:10 Success.
2025-02-22 19:00:10 Latest version is 1.8.7
2025-02-22 19:00:10 App is up to date.
2025-02-22 19:03:29 Loading main app package /usr/lib/obsidian/obsidian.asar
2025-02-22 19:35:29 Loading main app package /usr/lib/obsidian/obsidian.asar
2025-02-22 19:37:19 Loading main app package /usr/lib/obsidian/obsidian.asar
2025-02-22 20:05:22 Loading main app package /usr/lib/obsidian/obsidian.asar
2025-02-22 20:10:18 Loading main app package /usr/lib/obsidian/obsidian.asar
2025-02-22 20:10:38 Loading main app package /usr/lib/obsidian/obsidian.asar
2025-02-22 20:15:07 Loading main app package /usr/lib/obsidian/obsidian.asar
2025-02-22 20:24:12 Loading main app package /usr/lib/obsidian/obsidian.asar
2025-02-22 20:26:56 Loading main app package /usr/lib/obsidian/obsidian.asar
2025-02-22 20:53:45 Loading main app package /usr/lib/obsidian/obsidian.asar
